{"name":"Create New FeeScheduler with Positive Data","status":"broken","statusDetails":{"known":false,"muted":false,"flaky":false,"message":"element not interactable\n  (Session info: chrome=91.0.4472.124)\nBuild info: version: '3.141.59', revision: 'e82be7d358', time: '2018-11-14T08:17:03'\nSystem info: host: 'LAPTOP-VUPTS4LP', ip: '192.168.225.141', os.name: 'Windows 10', os.arch: 'amd64', os.version: '10.0', java.version: '15.0.1'\nDriver info: org.openqa.selenium.chrome.ChromeDriver\nCapabilities {acceptInsecureCerts: false, browserName: chrome, browserVersion: 91.0.4472.124, chrome: {chromedriverVersion: 91.0.4472.101 (af52a90bf870..., userDataDir: C:\\Users\\MANASJ~1\\AppData\\L...}, goog:chromeOptions: {debuggerAddress: localhost:60370}, javascriptEnabled: true, networkConnectionEnabled: false, pageLoadStrategy: normal, platform: WINDOWS, platformName: WINDOWS, proxy: Proxy(), setWindowRect: true, strictFileInteractability: false, timeouts: {implicit: 0, pageLoad: 300000, script: 30000}, unhandledPromptBehavior: dismiss and notify, webauthn:extension:largeBlob: true, webauthn:virtualAuthenticators: true}\nSession ID: b070f16181343cd5d47c42b83c7482a4","trace":"org.openqa.selenium.ElementNotInteractableException: element not interactable\n  (Session info: chrome=91.0.4472.124)\nBuild info: version: '3.141.59', revision: 'e82be7d358', time: '2018-11-14T08:17:03'\nSystem info: host: 'LAPTOP-VUPTS4LP', ip: '192.168.225.141', os.name: 'Windows 10', os.arch: 'amd64', os.version: '10.0', java.version: '15.0.1'\nDriver info: org.openqa.selenium.chrome.ChromeDriver\nCapabilities {acceptInsecureCerts: false, browserName: chrome, browserVersion: 91.0.4472.124, chrome: {chromedriverVersion: 91.0.4472.101 (af52a90bf870..., userDataDir: C:\\Users\\MANASJ~1\\AppData\\L...}, goog:chromeOptions: {debuggerAddress: localhost:60370}, javascriptEnabled: true, networkConnectionEnabled: false, pageLoadStrategy: normal, platform: WINDOWS, platformName: WINDOWS, proxy: Proxy(), setWindowRect: true, strictFileInteractability: false, timeouts: {implicit: 0, pageLoad: 300000, script: 30000}, unhandledPromptBehavior: dismiss and notify, webauthn:extension:largeBlob: true, webauthn:virtualAuthenticators: true}\nSession ID: b070f16181343cd5d47c42b83c7482a4\r\n\tat java.base/jdk.internal.reflect.NativeConstructorAccessorImpl.newInstance0(Native Method)\r\n\tat java.base/jdk.internal.reflect.NativeConstructorAccessorImpl.newInstance(NativeConstructorAccessorImpl.java:64)\r\n\tat java.base/jdk.internal.reflect.DelegatingConstructorAccessorImpl.newInstance(DelegatingConstructorAccessorImpl.java:45)\r\n\tat java.base/java.lang.reflect.Constructor.newInstanceWithCaller(Constructor.java:500)\r\n\tat java.base/java.lang.reflect.Constructor.newInstance(Constructor.java:481)\r\n\tat org.openqa.selenium.remote.http.W3CHttpResponseCodec.createException(W3CHttpResponseCodec.java:187)\r\n\tat org.openqa.selenium.remote.http.W3CHttpResponseCodec.decode(W3CHttpResponseCodec.java:122)\r\n\tat org.openqa.selenium.remote.http.W3CHttpResponseCodec.decode(W3CHttpResponseCodec.java:49)\r\n\tat org.openqa.selenium.remote.HttpCommandExecutor.execute(HttpCommandExecutor.java:158)\r\n\tat org.openqa.selenium.remote.service.DriverCommandExecutor.execute(DriverCommandExecutor.java:83)\r\n\tat org.openqa.selenium.remote.RemoteWebDriver.execute(RemoteWebDriver.java:552)\r\n\tat org.openqa.selenium.remote.RemoteWebElement.execute(RemoteWebElement.java:285)\r\n\tat org.openqa.selenium.remote.RemoteWebElement.sendKeys(RemoteWebElement.java:106)\r\n\tat jdk.internal.reflect.GeneratedMethodAccessor22.invoke(Unknown Source)\r\n\tat java.base/jdk.internal.reflect.DelegatingMethodAccessorImpl.invoke(DelegatingMethodAccessorImpl.java:43)\r\n\tat java.base/java.lang.reflect.Method.invoke(Method.java:564)\r\n\tat org.openqa.selenium.support.events.EventFiringWebDriver$EventFiringWebElement.lambda$new$0(EventFiringWebDriver.java:404)\r\n\tat com.sun.proxy.$Proxy27.sendKeys(Unknown Source)\r\n\tat org.openqa.selenium.support.events.EventFiringWebDriver$EventFiringWebElement.sendKeys(EventFiringWebDriver.java:429)\r\n\tat jdk.internal.reflect.GeneratedMethodAccessor22.invoke(Unknown Source)\r\n\tat java.base/jdk.internal.reflect.DelegatingMethodAccessorImpl.invoke(DelegatingMethodAccessorImpl.java:43)\r\n\tat java.base/java.lang.reflect.Method.invoke(Method.java:564)\r\n\tat org.openqa.selenium.support.pagefactory.internal.LocatingElementHandler.invoke(LocatingElementHandler.java:51)\r\n\tat com.sun.proxy.$Proxy16.sendKeys(Unknown Source)\r\n\tat com.feescheduler.qa.pages.FeeSchedulerPage.searchFS(FeeSchedulerPage.java:117)\r\n\tat com.feescheduler.qa.feeschedulertestcases.CreateNewFeeSchedulerTest.createNewFeeSchedulerTest(CreateNewFeeSchedulerTest.java:157)\r\n\tat java.base/jdk.internal.reflect.NativeMethodAccessorImpl.invoke0(Native Method)\r\n\tat java.base/jdk.internal.reflect.NativeMethodAccessorImpl.invoke(NativeMethodAccessorImpl.java:64)\r\n\tat java.base/jdk.internal.reflect.DelegatingMethodAccessorImpl.invoke(DelegatingMethodAccessorImpl.java:43)\r\n\tat java.base/java.lang.reflect.Method.invoke(Method.java:564)\r\n\tat org.testng.internal.MethodInvocationHelper.invokeMethod(MethodInvocationHelper.java:132)\r\n\tat org.testng.internal.TestInvoker.invokeMethod(TestInvoker.java:599)\r\n\tat org.testng.internal.TestInvoker.invokeTestMethod(TestInvoker.java:174)\r\n\tat org.testng.internal.MethodRunner.runInSequence(MethodRunner.java:46)\r\n\tat org.testng.internal.TestInvoker$MethodInvocationAgent.invoke(TestInvoker.java:822)\r\n\tat org.testng.internal.TestInvoker.invokeTestMethods(TestInvoker.java:147)\r\n\tat org.testng.internal.TestMethodWorker.invokeTestMethods(TestMethodWorker.java:146)\r\n\tat org.testng.internal.TestMethodWorker.run(TestMethodWorker.java:128)\r\n\tat java.base/java.util.ArrayList.forEach(ArrayList.java:1511)\r\n\tat org.testng.TestRunner.privateRun(TestRunner.java:764)\r\n\tat org.testng.TestRunner.run(TestRunner.java:585)\r\n\tat org.testng.SuiteRunner.runTest(SuiteRunner.java:384)\r\n\tat org.testng.SuiteRunner.runSequentially(SuiteRunner.java:378)\r\n\tat org.testng.SuiteRunner.privateRun(SuiteRunner.java:337)\r\n\tat org.testng.SuiteRunner.run(SuiteRunner.java:286)\r\n\tat org.testng.SuiteRunnerWorker.runSuite(SuiteRunnerWorker.java:53)\r\n\tat org.testng.SuiteRunnerWorker.run(SuiteRunnerWorker.java:96)\r\n\tat org.testng.TestNG.runSuitesSequentially(TestNG.java:1218)\r\n\tat org.testng.TestNG.runSuitesLocally(TestNG.java:1140)\r\n\tat org.testng.TestNG.runSuites(TestNG.java:1069)\r\n\tat org.testng.TestNG.run(TestNG.java:1037)\r\n\tat org.apache.maven.surefire.testng.TestNGExecutor.run(TestNGExecutor.java:283)\r\n\tat org.apache.maven.surefire.testng.TestNGXmlTestSuite.execute(TestNGXmlTestSuite.java:75)\r\n\tat org.apache.maven.surefire.testng.TestNGProvider.invoke(TestNGProvider.java:120)\r\n\tat org.apache.maven.surefire.booter.ForkedBooter.invokeProviderInSameClassLoader(ForkedBooter.java:386)\r\n\tat org.apache.maven.surefire.booter.ForkedBooter.runSuitesInProcess(ForkedBooter.java:323)\r\n\tat org.apache.maven.surefire.booter.ForkedBooter.main(ForkedBooter.java:143)\r\n"},"stage":"finished","description":"TestCase Description : Create New FeeScheduler with Positive Data ","steps":[{"name":"Click on fee scheduler tab...","status":"passed","stage":"finished","steps":[],"attachments":[],"parameters":[],"start":1626448307694,"stop":1626448311089},{"name":"Number of opened tab checking...","status":"passed","stage":"finished","steps":[],"attachments":[],"parameters":[],"start":1626448311089,"stop":1626448311093},{"name":"Switching back to home page tab..","status":"passed","stage":"finished","steps":[],"attachments":[],"parameters":[],"start":1626448316173,"stop":1626448316251},{"name":"Switching to Fee scheduler tab..","status":"passed","stage":"finished","steps":[],"attachments":[],"parameters":[],"start":1626448316252,"stop":1626448316303},{"name":"clicking on Fee schedule management tab..","status":"passed","stage":"finished","steps":[],"attachments":[],"parameters":[],"start":1626448316303,"stop":1626448349570},{"name":"Reading cell data from xls file..","status":"passed","stage":"finished","steps":[],"attachments":[],"parameters":[{"name":"sheetName","value":"FeeScheduleMgmt"},{"name":"colName","value":"Fee Schedule Name"},{"name":"rowNum","value":"2"}],"start":1626448354586,"stop":1626448354593},{"name":"Reading cell data from xls file..","status":"passed","stage":"finished","steps":[],"attachments":[],"parameters":[{"name":"sheetName","value":"FeeScheduleMgmt"},{"name":"colName","value":"Description"},{"name":"rowNum","value":"2"}],"start":1626448354593,"stop":1626448354593},{"name":"Reading cell data from xls file..","status":"passed","stage":"finished","steps":[],"attachments":[],"parameters":[{"name":"sheetName","value":"FeeScheduleMgmt"},{"name":"colName","value":"Effective Date"},{"name":"rowNum","value":"2"}],"start":1626448354594,"stop":1626448354594},{"name":"Reading cell data from xls file..","status":"passed","stage":"finished","steps":[],"attachments":[],"parameters":[{"name":"sheetName","value":"FeeScheduleMgmt"},{"name":"colName","value":"Termination Date"},{"name":"rowNum","value":"2"}],"start":1626448354594,"stop":1626448354594},{"name":"Reading cell data from xls file..","status":"passed","stage":"finished","steps":[],"attachments":[],"parameters":[{"name":"sheetName","value":"FeeScheduleMgmt"},{"name":"colName","value":"Percentage Applied"},{"name":"rowNum","value":"2"}],"start":1626448354594,"stop":1626448354612},{"name":"clicking on Fee schedule management tab..","status":"passed","stage":"finished","steps":[],"attachments":[],"parameters":[],"start":1626448354612,"stop":1626448354675},{"name":"Entering fee scheduler name...","status":"passed","stage":"finished","steps":[],"attachments":[],"parameters":[{"name":"str","value":"FS_AutTest3"}],"start":1626448357681,"stop":1626448357893},{"name":"Entering fee scheduler description...","status":"passed","stage":"finished","steps":[],"attachments":[],"parameters":[{"name":"str","value":"FS_AutTest3"}],"start":1626448357893,"stop":1626448358040},{"name":"Selecting effective date...","status":"passed","stage":"finished","steps":[],"attachments":[],"parameters":[{"name":"str","value":"07/15/2021"}],"start":1626448358041,"stop":1626448358162},{"name":"Selecting termination date...","status":"passed","stage":"finished","steps":[],"attachments":[],"parameters":[{"name":"str","value":"07/30/2021"}],"start":1626448358163,"stop":1626448358329},{"name":"Entering  AWP percentage ...","status":"passed","stage":"finished","steps":[],"attachments":[],"parameters":[{"name":"str","value":"10.0"}],"start":1626448358329,"stop":1626448358485},{"name":"Selecting AWP checkbox ...","status":"passed","stage":"finished","steps":[],"attachments":[],"parameters":[],"start":1626448358485,"stop":1626448358576},{"name":"Clicking on save button...","status":"passed","stage":"finished","steps":[],"attachments":[],"parameters":[],"start":1626448358577,"stop":1626448358618},{"name":"Searching newly created fee scheduler...","status":"broken","statusDetails":{"known":false,"muted":false,"flaky":false,"message":"element not interactable\n  (Session info: chrome=91.0.4472.124)\nBuild info: version: '3.141.59', revision: 'e82be7d358', time: '2018-11-14T08:17:03'\nSystem info: host: 'LAPTOP-VUPTS4LP', ip: '192.168.225.141', os.name: 'Windows 10', os.arch: 'amd64', os.version: '10.0', java.version: '15.0.1'\nDriver info: org.openqa.selenium.chrome.ChromeDriver\nCapabilities {acceptInsecureCerts: false, browserName: chrome, browserVersion: 91.0.4472.124, chrome: {chromedriverVersion: 91.0.4472.101 (af52a90bf870..., userDataDir: C:\\Users\\MANASJ~1\\AppData\\L...}, goog:chromeOptions: {debuggerAddress: localhost:60370}, javascriptEnabled: true, networkConnectionEnabled: false, pageLoadStrategy: normal, platform: WINDOWS, platformName: WINDOWS, proxy: Proxy(), setWindowRect: true, strictFileInteractability: false, timeouts: {implicit: 0, pageLoad: 300000, script: 30000}, unhandledPromptBehavior: dismiss and notify, webauthn:extension:largeBlob: true, webauthn:virtualAuthenticators: true}\nSession ID: b070f16181343cd5d47c42b83c7482a4","trace":"org.openqa.selenium.ElementNotInteractableException: element not interactable\n  (Session info: chrome=91.0.4472.124)\nBuild info: version: '3.141.59', revision: 'e82be7d358', time: '2018-11-14T08:17:03'\nSystem info: host: 'LAPTOP-VUPTS4LP', ip: '192.168.225.141', os.name: 'Windows 10', os.arch: 'amd64', os.version: '10.0', java.version: '15.0.1'\nDriver info: org.openqa.selenium.chrome.ChromeDriver\nCapabilities {acceptInsecureCerts: false, browserName: chrome, browserVersion: 91.0.4472.124, chrome: {chromedriverVersion: 91.0.4472.101 (af52a90bf870..., userDataDir: C:\\Users\\MANASJ~1\\AppData\\L...}, goog:chromeOptions: {debuggerAddress: localhost:60370}, javascriptEnabled: true, networkConnectionEnabled: false, pageLoadStrategy: normal, platform: WINDOWS, platformName: WINDOWS, proxy: Proxy(), setWindowRect: true, strictFileInteractability: false, timeouts: {implicit: 0, pageLoad: 300000, script: 30000}, unhandledPromptBehavior: dismiss and notify, webauthn:extension:largeBlob: true, webauthn:virtualAuthenticators: true}\nSession ID: b070f16181343cd5d47c42b83c7482a4\r\n\tat java.base/jdk.internal.reflect.NativeConstructorAccessorImpl.newInstance0(Native Method)\r\n\tat java.base/jdk.internal.reflect.NativeConstructorAccessorImpl.newInstance(NativeConstructorAccessorImpl.java:64)\r\n\tat java.base/jdk.internal.reflect.DelegatingConstructorAccessorImpl.newInstance(DelegatingConstructorAccessorImpl.java:45)\r\n\tat java.base/java.lang.reflect.Constructor.newInstanceWithCaller(Constructor.java:500)\r\n\tat java.base/java.lang.reflect.Constructor.newInstance(Constructor.java:481)\r\n\tat org.openqa.selenium.remote.http.W3CHttpResponseCodec.createException(W3CHttpResponseCodec.java:187)\r\n\tat org.openqa.selenium.remote.http.W3CHttpResponseCodec.decode(W3CHttpResponseCodec.java:122)\r\n\tat org.openqa.selenium.remote.http.W3CHttpResponseCodec.decode(W3CHttpResponseCodec.java:49)\r\n\tat org.openqa.selenium.remote.HttpCommandExecutor.execute(HttpCommandExecutor.java:158)\r\n\tat org.openqa.selenium.remote.service.DriverCommandExecutor.execute(DriverCommandExecutor.java:83)\r\n\tat org.openqa.selenium.remote.RemoteWebDriver.execute(RemoteWebDriver.java:552)\r\n\tat org.openqa.selenium.remote.RemoteWebElement.execute(RemoteWebElement.java:285)\r\n\tat org.openqa.selenium.remote.RemoteWebElement.sendKeys(RemoteWebElement.java:106)\r\n\tat jdk.internal.reflect.GeneratedMethodAccessor22.invoke(Unknown Source)\r\n\tat java.base/jdk.internal.reflect.DelegatingMethodAccessorImpl.invoke(DelegatingMethodAccessorImpl.java:43)\r\n\tat java.base/java.lang.reflect.Method.invoke(Method.java:564)\r\n\tat org.openqa.selenium.support.events.EventFiringWebDriver$EventFiringWebElement.lambda$new$0(EventFiringWebDriver.java:404)\r\n\tat com.sun.proxy.$Proxy27.sendKeys(Unknown Source)\r\n\tat org.openqa.selenium.support.events.EventFiringWebDriver$EventFiringWebElement.sendKeys(EventFiringWebDriver.java:429)\r\n\tat jdk.internal.reflect.GeneratedMethodAccessor22.invoke(Unknown Source)\r\n\tat java.base/jdk.internal.reflect.DelegatingMethodAccessorImpl.invoke(DelegatingMethodAccessorImpl.java:43)\r\n\tat java.base/java.lang.reflect.Method.invoke(Method.java:564)\r\n\tat org.openqa.selenium.support.pagefactory.internal.LocatingElementHandler.invoke(LocatingElementHandler.java:51)\r\n\tat com.sun.proxy.$Proxy16.sendKeys(Unknown Source)\r\n\tat com.feescheduler.qa.pages.FeeSchedulerPage.searchFS(FeeSchedulerPage.java:117)\r\n\tat com.feescheduler.qa.feeschedulertestcases.CreateNewFeeSchedulerTest.createNewFeeSchedulerTest(CreateNewFeeSchedulerTest.java:157)\r\n\tat java.base/jdk.internal.reflect.NativeMethodAccessorImpl.invoke0(Native Method)\r\n\tat java.base/jdk.internal.reflect.NativeMethodAccessorImpl.invoke(NativeMethodAccessorImpl.java:64)\r\n\tat java.base/jdk.internal.reflect.DelegatingMethodAccessorImpl.invoke(DelegatingMethodAccessorImpl.java:43)\r\n\tat java.base/java.lang.reflect.Method.invoke(Method.java:564)\r\n\tat org.testng.internal.MethodInvocationHelper.invokeMethod(MethodInvocationHelper.java:132)\r\n\tat org.testng.internal.TestInvoker.invokeMethod(TestInvoker.java:599)\r\n\tat org.testng.internal.TestInvoker.invokeTestMethod(TestInvoker.java:174)\r\n\tat org.testng.internal.MethodRunner.runInSequence(MethodRunner.java:46)\r\n\tat org.testng.internal.TestInvoker$MethodInvocationAgent.invoke(TestInvoker.java:822)\r\n\tat org.testng.internal.TestInvoker.invokeTestMethods(TestInvoker.java:147)\r\n\tat org.testng.internal.TestMethodWorker.invokeTestMethods(TestMethodWorker.java:146)\r\n\tat org.testng.internal.TestMethodWorker.run(TestMethodWorker.java:128)\r\n\tat java.base/java.util.ArrayList.forEach(ArrayList.java:1511)\r\n\tat org.testng.TestRunner.privateRun(TestRunner.java:764)\r\n\tat org.testng.TestRunner.run(TestRunner.java:585)\r\n\tat org.testng.SuiteRunner.runTest(SuiteRunner.java:384)\r\n\tat org.testng.SuiteRunner.runSequentially(SuiteRunner.java:378)\r\n\tat org.testng.SuiteRunner.privateRun(SuiteRunner.java:337)\r\n\tat org.testng.SuiteRunner.run(SuiteRunner.java:286)\r\n\tat org.testng.SuiteRunnerWorker.runSuite(SuiteRunnerWorker.java:53)\r\n\tat org.testng.SuiteRunnerWorker.run(SuiteRunnerWorker.java:96)\r\n\tat org.testng.TestNG.runSuitesSequentially(TestNG.java:1218)\r\n\tat org.testng.TestNG.runSuitesLocally(TestNG.java:1140)\r\n\tat org.testng.TestNG.runSuites(TestNG.java:1069)\r\n\tat org.testng.TestNG.run(TestNG.java:1037)\r\n\tat org.apache.maven.surefire.testng.TestNGExecutor.run(TestNGExecutor.java:283)\r\n\tat org.apache.maven.surefire.testng.TestNGXmlTestSuite.execute(TestNGXmlTestSuite.java:75)\r\n\tat org.apache.maven.surefire.testng.TestNGProvider.invoke(TestNGProvider.java:120)\r\n\tat org.apache.maven.surefire.booter.ForkedBooter.invokeProviderInSameClassLoader(ForkedBooter.java:386)\r\n\tat org.apache.maven.surefire.booter.ForkedBooter.runSuitesInProcess(ForkedBooter.java:323)\r\n\tat org.apache.maven.surefire.booter.ForkedBooter.main(ForkedBooter.java:143)\r\n"},"stage":"finished","steps":[{"name":"Taking screenshots on failure","status":"passed","stage":"finished","steps":[],"attachments":[],"parameters":[],"start":1626448461890,"stop":1626448462282}],"attachments":[],"parameters":[{"name":"str","value":"FS_AutTest3"}],"start":1626448361622,"stop":1626448462284}],"attachments":[{"name":"Page screenshot","source":"790f7ebe-0117-4d84-9d22-27888eabab2b-attachment","type":"image/png"},{"name":"createNewFeeSchedulerTest failed and screenshot taken!","source":"e4a4292c-5929-4d61-bf16-9affaa9d4593-attachment","type":"text/plain"}],"parameters":[],"start":1626448305255,"stop":1626448462605,"uuid":"557f7d2a-b152-4c11-ab8f-e5161292b666","historyId":"d7e9b582c57546ae0f4c6ed1d4ee12b2","fullName":"com.feescheduler.qa.feeschedulertestcases.CreateNewFeeSchedulerTest.createNewFeeSchedulerTest","labels":[{"name":"package","value":"com.feescheduler.qa.feeschedulertestcases.CreateNewFeeSchedulerTest"},{"name":"testClass","value":"com.feescheduler.qa.feeschedulertestcases.CreateNewFeeSchedulerTest"},{"name":"testMethod","value":"createNewFeeSchedulerTest"},{"name":"parentSuite","value":"Fee Schedueler All Test Automation Test Suite"},{"name":"suite","value":"Fee Scheduler Test Cases"},{"name":"subSuite","value":"com.feescheduler.qa.feeschedulertestcases.CreateNewFeeSchedulerTest"},{"name":"host","value":"LAPTOP-VUPTS4LP"},{"name":"thread","value":"10524@LAPTOP-VUPTS4LP.main(1)"},{"name":"framework","value":"testng"},{"name":"language","value":"java"},{"name":"story","value":"Story Name : To check Creation New FeeScheduler with Positive Data"},{"name":"severity","value":"critical"}],"links":[]}